2025-05-07 00:47:27,418 - \U0001f512 Input blocked globally (until setup finishes).
2025-05-07 00:47:28,107 - \u2705 Arranged game windows: v split.
2025-05-07 00:47:28,107 - \u274c Failed to set parent window: module 'win32gui' has no attribute 'GetClassInfo'
2025-05-07 00:47:30,109 - \u2705 Focus cycled between Game 1 and Game 2.
2025-05-07 01:01:27,680 - \U0001f513 Input unblocked.
2025-05-11 13:06:47,641 - \U0001f512 Input blocked globally (until setup finishes).
2025-05-11 13:06:55,419 - \u2705 Arranged game windows: h split.
2025-05-11 13:06:55,420 - \u274c Failed to set parent window: module 'win32gui' has no attribute 'GetClassInfo'
2025-05-11 13:06:56,421 - \u274c Error cycling focus: (0, 'SetForegroundWindow', 'No error message is available')
2025-05-11 13:08:42,714 - \U0001f513 Input unblocked.
2025-05-11 13:09:51,586 - \U0001f512 Input blocked globally (until setup finishes).
2025-05-11 13:09:52,749 - \u2705 Arranged game windows: v split.
2025-05-11 13:09:52,749 - \u274c Failed to set parent window: module 'win32gui' has no attribute 'GetClassInfo'
2025-05-11 13:09:53,750 - \u274c Error cycling focus: (0, 'SetForegroundWindow', 'No error message is available')
2025-05-11 13:09:58,234 - \U0001f513 Input unblocked.
2025-05-11 13:10:06,401 - \U0001f512 Input blocked globally (until setup finishes).
2025-05-11 13:10:07,876 - \u2705 Arranged game windows: h split.
2025-05-11 13:10:07,876 - \u274c Failed to set parent window: module 'win32gui' has no attribute 'GetClassInfo'
2025-05-11 13:10:09,877 - \u2705 Focus cycled between Game 1 and Game 2.
2025-05-11 13:11:40,441 - \U0001f513 Input unblocked.
2025-05-11 13:12:24,353 - \U0001f512 Input blocked globally (until setup finishes).
2025-05-11 13:12:26,521 - \u2705 Arranged game windows: h split.
2025-05-11 13:12:26,521 - \u274c Failed to set parent window: module 'win32gui' has no attribute 'GetClassInfo'
2025-05-11 13:12:26,521 - \u274c Error cycling focus: (0, 'SetForegroundWindow', 'No error message is available')
